Build started 14.05.2013 15:40:43.
     1>Project "C:\Users\Selim\documents\visual studio 2010\Projects\ELATool\ELATool\ELATool.vcxproj" on node 2 (build target(s)).
     1>InitializeBuildStatus:
         Creating "Release\ELATool.unsuccessfulbuild" because "AlwaysCreate" was specified.
       ClCompile:
         c:\Program Files\Microsoft Visual Studio 10.0\VC\bin\CL.exe /c /Zi /nologo /W3 /WX- /O2 /Oi /Oy- /GL /D _MBCS /Gm- /EHsc /MD /GS /Gy /fp:precise /Zc:wchar_t /Zc:forScope /Fo"Release\\" /Fd"Release\vc100.pdb" /Gd /TP /analyze- /errorReport:prompt main.cpp
         main.cpp
       Link:
         c:\Program Files\Microsoft Visual Studio 10.0\VC\bin\link.exe /ERRORREPORT:PROMPT /OUT:"C:\Users\Selim\documents\visual studio 2010\Projects\ELATool\Release\ELATool.exe" /NOLOGO /LIBPATH:C:\OpenCV\build\x86\vc10\lib opencv_core245.lib opencv_highgui245.lib opencv_imgproc245.lib kernel32.lib user32.lib gdi32.lib winspool.lib comdlg32.lib advapi32.lib shell32.lib ole32.lib oleaut32.lib uuid.lib odbc32.lib odbccp32.lib /MANIFEST /ManifestFile:"Release\ELATool.exe.intermediate.manifest" /MANIFESTUAC:"level='asInvoker' uiAccess='false'" /DEBUG /PDB:"C:\Users\Selim\documents\visual studio 2010\Projects\ELATool\Release\ELATool.pdb" /OPT:REF /OPT:ICF /LTCG /TLBID:1 /DYNAMICBASE /NXCOMPAT /IMPLIB:"C:\Users\Selim\documents\visual studio 2010\Projects\ELATool\Release\ELATool.lib" /MACHINE:X86 Release\main.obj
         Generating code
         Finished generating code
         ELATool.vcxproj -> C:\Users\Selim\documents\visual studio 2010\Projects\ELATool\Release\ELATool.exe
       Manifest:
         C:\Program Files\Microsoft SDKs\Windows\v7.0A\bin\mt.exe /nologo /verbose /outputresource:"C:\Users\Selim\documents\visual studio 2010\Projects\ELATool\Release\ELATool.exe;#1" /manifest Release\ELATool.exe.intermediate.manifest
       FinalizeBuildStatus:
         Deleting file "Release\ELATool.unsuccessfulbuild".
         Touching "Release\ELATool.lastbuildstate".
     1>Done Building Project "C:\Users\Selim\documents\visual studio 2010\Projects\ELATool\ELATool\ELATool.vcxproj" (build target(s)).

Build succeeded.

Time Elapsed 00:00:01.55
